<?xml version="1.0" encoding="UTF-8"?>
<!-- Generated by org.testng.reporters.JUnitReportReporter -->
<testsuite hostname="LAPTOP-V04633NU" failures="0" tests="1" name="com.webshop.driver.DriverManager" time="15.051" errors="0" timestamp="2023-11-18T19:09:36 EST" skipped="0">
  <testcase classname="com.webshop.driver.DriverManager" name="initApplication" time="15.051"/>
</testsuite> <!-- com.webshop.driver.DriverManager -->
