<?xml version="1.0" encoding="UTF-8"?>
<!-- Generated by org.testng.reporters.JUnitReportReporter -->
<testsuite hostname="LAPTOP-V04633NU" failures="0" tests="1" name="com.webshop.testcase.LoginPageTest" time="13.357" errors="0" timestamp="2023-11-22T17:09:18 EST" skipped="0">
  <testcase classname="com.webshop.testcase.LoginPageTest" name="testLoginFunction" time="13.357"/>
</testsuite> <!-- com.webshop.testcase.LoginPageTest -->
