<?xml version="1.0" encoding="UTF-8"?>
<!-- Generated by org.testng.reporters.JUnitReportReporter -->
<testsuite hostname="LAPTOP-V04633NU" failures="0" tests="2" name="com.webshop.testcase.HomePageTest" time="32.626" errors="0" timestamp="2023-11-22T17:09:18 EST" skipped="0">
  <testcase classname="com.webshop.testcase.HomePageTest" name="testWebShopImageIsDisplayed" time="15.661"/>
  <testcase classname="com.webshop.testcase.HomePageTest" name="testHomePageTitle" time="16.965"/>
</testsuite> <!-- com.webshop.testcase.HomePageTest -->
