<?xml version="1.0" encoding="UTF-8"?>
<!-- Generated by org.testng.reporters.JUnitReportReporter -->
<testsuite hostname="LAPTOP-V04633NU" failures="0" tests="1" name="com.webshop.testcase.LoginPageTest" time="12.175" errors="0" timestamp="2023-11-21T21:04:51 EST" skipped="0">
  <testcase classname="com.webshop.testcase.LoginPageTest" name="testLoginFunction" time="12.175"/>
</testsuite> <!-- com.webshop.testcase.LoginPageTest -->
