<?xml version="1.0" encoding="UTF-8"?>
<!-- Generated by org.testng.reporters.JUnitReportReporter -->
<testsuite hostname="LAPTOP-V04633NU" failures="0" tests="3" name="com.webshop.testcase.LoginPageTest" time="42.109" errors="0" timestamp="2023-11-23T10:38:39 EST" skipped="0">
  <testcase classname="com.webshop.testcase.LoginPageTest" name="testLoginFunction" time="13.800"/>
  <testcase classname="com.webshop.testcase.LoginPageTest" name="testLoginFunction" time="16.145"/>
  <testcase classname="com.webshop.testcase.LoginPageTest" name="testLoginFunction" time="12.164"/>
</testsuite> <!-- com.webshop.testcase.LoginPageTest -->
